c:\users\nephq\desktop\metal slug 3\debug\vc143.pdb
c:\users\nephq\desktop\metal slug 3\debug\vc143.idb
c:\users\nephq\desktop\metal slug 3\debug\cmarco.obj
c:\users\nephq\desktop\metal slug 3\debug\clocust.obj
c:\users\nephq\desktop\metal slug 3\debug\clabel.obj
c:\users\nephq\desktop\metal slug 3\debug\ckeyboard.obj
c:\users\nephq\desktop\metal slug 3\debug\cintroscene.obj
c:\users\nephq\desktop\metal slug 3\debug\chuge_hermit.obj
c:\users\nephq\desktop\metal slug 3\debug\chelper_1.obj
c:\users\nephq\desktop\metal slug 3\debug\cgunbullet.obj
c:\users\nephq\desktop\metal slug 3\debug\cgrib.obj
c:\users\nephq\desktop\metal slug 3\debug\cgraphic.obj
c:\users\nephq\desktop\metal slug 3\debug\cgamemap.obj
c:\users\nephq\desktop\metal slug 3\debug\cgame.obj
c:\users\nephq\desktop\metal slug 3\debug\cchowmeinbuble.obj
c:\users\nephq\desktop\metal slug 3\debug\cchowmein.obj
c:\users\nephq\desktop\metal slug 3\debug\cchangecam.obj
c:\users\nephq\desktop\metal slug 3\debug\ccellgrib.obj
c:\users\nephq\desktop\metal slug 3\debug\ccamera.obj
c:\users\nephq\desktop\metal slug 3\debug\cblock.obj
c:\users\nephq\desktop\metal slug 3\debug\canimationmanager.obj
c:\users\nephq\desktop\metal slug 3\debug\canimation.obj
c:\users\nephq\desktop\metal slug 3\debug\tinyxmlparser.obj
c:\users\nephq\desktop\metal slug 3\debug\tinyxmlerror.obj
c:\users\nephq\desktop\metal slug 3\debug\tinyxml.obj
c:\users\nephq\desktop\metal slug 3\debug\tinystr.obj
c:\users\nephq\desktop\metal slug 3\debug\object_notmoving.obj
c:\users\nephq\desktop\metal slug 3\debug\main.obj
c:\users\nephq\desktop\metal slug 3\debug\gameobject.obj
c:\users\nephq\desktop\metal slug 3\debug\flying_killer.obj
c:\users\nephq\desktop\metal slug 3\debug\debug.obj
c:\users\nephq\desktop\metal slug 3\debug\ctexturemanager.obj
c:\users\nephq\desktop\metal slug 3\debug\cstair2.obj
c:\users\nephq\desktop\metal slug 3\debug\cstair.obj
c:\users\nephq\desktop\metal slug 3\debug\cspritemanager.obj
c:\users\nephq\desktop\metal slug 3\debug\csprite.obj
c:\users\nephq\desktop\metal slug 3\debug\cscene.obj
c:\users\nephq\desktop\metal slug 3\debug\crebel_solider.obj
c:\users\nephq\desktop\metal slug 3\debug\cportal.obj
c:\users\nephq\desktop\metal slug 3\debug\cplayscene.obj
c:\users\nephq\desktop\metal slug 3\debug\cplatform.obj
c:\users\nephq\desktop\metal slug 3\debug\cohumein_conga.obj
c:\users\nephq\desktop\metal slug 3\debug\utils.obj
c:\users\nephq\desktop\metal slug 3\debug\audio.obj
c:\users\nephq\desktop\metal slug 3\debug\homework.exe
c:\users\nephq\desktop\metal slug 3\debug\homework.ilk
c:\users\nephq\desktop\metal slug 3\debug\homework.pdb
c:\users\nephq\desktop\metal slug 3\debug\homework.tlog\cl.command.1.tlog
c:\users\nephq\desktop\metal slug 3\debug\homework.tlog\cl.read.1.tlog
c:\users\nephq\desktop\metal slug 3\debug\homework.tlog\cl.write.1.tlog
c:\users\nephq\desktop\metal slug 3\debug\homework.tlog\link.command.1.tlog
c:\users\nephq\desktop\metal slug 3\debug\homework.tlog\link.read.1.tlog
c:\users\nephq\desktop\metal slug 3\debug\homework.tlog\link.write.1.tlog
