  CAnimation.cpp
E:\GITHUB\code\Game2D\metal slug 3\CAnimation.cpp(32,12): warning C4244: 'initializing': conversion from 'ULONGLONG' to 'DWORD', possible loss of data
  CAnimationManager.cpp
  CCamera.cpp
E:\GITHUB\code\Game2D\metal slug 3\CCamera.cpp(33,26): warning C4244: '=': conversion from 'int' to 'FLOAT', possible loss of data
E:\GITHUB\code\Game2D\metal slug 3\CCamera.cpp(49,35): warning C4244: '=': conversion from 'FLOAT' to 'LONG', possible loss of data
E:\GITHUB\code\Game2D\metal slug 3\CCamera.cpp(50,28): warning C4244: '=': conversion from 'FLOAT' to 'LONG', possible loss of data
E:\GITHUB\code\Game2D\metal slug 3\CCamera.cpp(51,37): warning C4244: '=': conversion from 'FLOAT' to 'LONG', possible loss of data
E:\GITHUB\code\Game2D\metal slug 3\CCamera.cpp(52,37): warning C4244: '=': conversion from 'FLOAT' to 'LONG', possible loss of data
  CChowmein.cpp
E:\GITHUB\code\Game2D\metal slug 3\GameObject.h(41,30): warning C4244: '=': conversion from 'FLOAT' to 'LONG', possible loss of data
E:\GITHUB\code\Game2D\metal slug 3\GameObject.h(42,32): warning C4244: '=': conversion from 'FLOAT' to 'LONG', possible loss of data
E:\GITHUB\code\Game2D\metal slug 3\GameObject.h(43,34): warning C4244: '=': conversion from 'FLOAT' to 'LONG', possible loss of data
E:\GITHUB\code\Game2D\metal slug 3\GameObject.h(44,32): warning C4244: '=': conversion from 'FLOAT' to 'LONG', possible loss of data
  CGame.cpp
E:\GITHUB\code\Game2D\metal slug 3\GameObject.h(41,30): warning C4244: '=': conversion from 'FLOAT' to 'LONG', possible loss of data
E:\GITHUB\code\Game2D\metal slug 3\GameObject.h(42,32): warning C4244: '=': conversion from 'FLOAT' to 'LONG', possible loss of data
E:\GITHUB\code\Game2D\metal slug 3\GameObject.h(43,34): warning C4244: '=': conversion from 'FLOAT' to 'LONG', possible loss of data
E:\GITHUB\code\Game2D\metal slug 3\GameObject.h(44,32): warning C4244: '=': conversion from 'FLOAT' to 'LONG', possible loss of data
E:\GITHUB\code\Game2D\metal slug 3\Flying_Killer.h(24,36): warning C4244: '=': conversion from 'ULONGLONG' to 'DWORD', possible loss of data
  CGraphic.cpp
  CKeyBoard.cpp
  CLocust.cpp
E:\GITHUB\code\Game2D\metal slug 3\GameObject.h(41,30): warning C4244: '=': conversion from 'FLOAT' to 'LONG', possible loss of data
E:\GITHUB\code\Game2D\metal slug 3\GameObject.h(42,32): warning C4244: '=': conversion from 'FLOAT' to 'LONG', possible loss of data
E:\GITHUB\code\Game2D\metal slug 3\GameObject.h(43,34): warning C4244: '=': conversion from 'FLOAT' to 'LONG', possible loss of data
E:\GITHUB\code\Game2D\metal slug 3\GameObject.h(44,32): warning C4244: '=': conversion from 'FLOAT' to 'LONG', possible loss of data
  CMarco.cpp
E:\GITHUB\code\Game2D\metal slug 3\GameObject.h(41,30): warning C4244: '=': conversion from 'FLOAT' to 'LONG', possible loss of data
E:\GITHUB\code\Game2D\metal slug 3\GameObject.h(42,32): warning C4244: '=': conversion from 'FLOAT' to 'LONG', possible loss of data
E:\GITHUB\code\Game2D\metal slug 3\GameObject.h(43,34): warning C4244: '=': conversion from 'FLOAT' to 'LONG', possible loss of data
E:\GITHUB\code\Game2D\metal slug 3\GameObject.h(44,32): warning C4244: '=': conversion from 'FLOAT' to 'LONG', possible loss of data
  Cplayscene.cpp
E:\GITHUB\code\Game2D\metal slug 3\GameObject.h(41,30): warning C4244: '=': conversion from 'FLOAT' to 'LONG', possible loss of data
E:\GITHUB\code\Game2D\metal slug 3\GameObject.h(42,32): warning C4244: '=': conversion from 'FLOAT' to 'LONG', possible loss of data
E:\GITHUB\code\Game2D\metal slug 3\GameObject.h(43,34): warning C4244: '=': conversion from 'FLOAT' to 'LONG', possible loss of data
E:\GITHUB\code\Game2D\metal slug 3\GameObject.h(44,32): warning C4244: '=': conversion from 'FLOAT' to 'LONG', possible loss of data
E:\GITHUB\code\Game2D\metal slug 3\Flying_Killer.h(24,36): warning C4244: '=': conversion from 'ULONGLONG' to 'DWORD', possible loss of data
E:\GITHUB\code\Game2D\metal slug 3\Cplayscene.cpp(16,31): warning C4244: 'argument': conversion from 'int' to 'FLOAT', possible loss of data
E:\GITHUB\code\Game2D\metal slug 3\Cplayscene.cpp(16,28): warning C4244: 'argument': conversion from 'int' to 'FLOAT', possible loss of data
E:\GITHUB\code\Game2D\metal slug 3\Cplayscene.cpp(19,29): warning C4244: 'argument': conversion from 'int' to 'FLOAT', possible loss of data
E:\GITHUB\code\Game2D\metal slug 3\Cplayscene.cpp(19,26): warning C4244: 'argument': conversion from 'int' to 'FLOAT', possible loss of data
E:\GITHUB\code\Game2D\metal slug 3\Cplayscene.cpp(22,35): warning C4244: 'argument': conversion from 'int' to 'FLOAT', possible loss of data
E:\GITHUB\code\Game2D\metal slug 3\Cplayscene.cpp(22,32): warning C4244: 'argument': conversion from 'int' to 'FLOAT', possible loss of data
E:\GITHUB\code\Game2D\metal slug 3\Cplayscene.cpp(118,54): warning C4244: '=': conversion from 'FLOAT' to 'LONG', possible loss of data
E:\GITHUB\code\Game2D\metal slug 3\Cplayscene.cpp(119,25): warning C4244: '=': conversion from 'FLOAT' to 'LONG', possible loss of data
E:\GITHUB\code\Game2D\metal slug 3\Cplayscene.cpp(120,18): warning C4244: '=': conversion from 'FLOAT' to 'LONG', possible loss of data
E:\GITHUB\code\Game2D\metal slug 3\Cplayscene.cpp(121,25): warning C4244: '=': conversion from 'FLOAT' to 'LONG', possible loss of data
  CQuadnode.cpp
E:\GITHUB\code\Game2D\metal slug 3\GameObject.h(41,30): warning C4244: '=': conversion from 'FLOAT' to 'LONG', possible loss of data
E:\GITHUB\code\Game2D\metal slug 3\GameObject.h(42,32): warning C4244: '=': conversion from 'FLOAT' to 'LONG', possible loss of data
E:\GITHUB\code\Game2D\metal slug 3\GameObject.h(43,34): warning C4244: '=': conversion from 'FLOAT' to 'LONG', possible loss of data
E:\GITHUB\code\Game2D\metal slug 3\GameObject.h(44,32): warning C4244: '=': conversion from 'FLOAT' to 'LONG', possible loss of data
  CQuadtree.cpp
E:\GITHUB\code\Game2D\metal slug 3\GameObject.h(41,30): warning C4244: '=': conversion from 'FLOAT' to 'LONG', possible loss of data
E:\GITHUB\code\Game2D\metal slug 3\GameObject.h(42,32): warning C4244: '=': conversion from 'FLOAT' to 'LONG', possible loss of data
E:\GITHUB\code\Game2D\metal slug 3\GameObject.h(43,34): warning C4244: '=': conversion from 'FLOAT' to 'LONG', possible loss of data
E:\GITHUB\code\Game2D\metal slug 3\GameObject.h(44,32): warning C4244: '=': conversion from 'FLOAT' to 'LONG', possible loss of data
  CScene.cpp
  CSprite.cpp
E:\GITHUB\code\Game2D\metal slug 3\GameObject.h(41,30): warning C4244: '=': conversion from 'FLOAT' to 'LONG', possible loss of data
E:\GITHUB\code\Game2D\metal slug 3\GameObject.h(42,32): warning C4244: '=': conversion from 'FLOAT' to 'LONG', possible loss of data
E:\GITHUB\code\Game2D\metal slug 3\GameObject.h(43,34): warning C4244: '=': conversion from 'FLOAT' to 'LONG', possible loss of data
E:\GITHUB\code\Game2D\metal slug 3\GameObject.h(44,32): warning C4244: '=': conversion from 'FLOAT' to 'LONG', possible loss of data
E:\GITHUB\code\Game2D\metal slug 3\Flying_Killer.h(24,36): warning C4244: '=': conversion from 'ULONGLONG' to 'DWORD', possible loss of data
  CSpriteManager.cpp
  CTextureManager.cpp
E:\GITHUB\code\Game2D\metal slug 3\GameObject.h(41,30): warning C4244: '=': conversion from 'FLOAT' to 'LONG', possible loss of data
E:\GITHUB\code\Game2D\metal slug 3\GameObject.h(42,32): warning C4244: '=': conversion from 'FLOAT' to 'LONG', possible loss of data
E:\GITHUB\code\Game2D\metal slug 3\GameObject.h(43,34): warning C4244: '=': conversion from 'FLOAT' to 'LONG', possible loss of data
E:\GITHUB\code\Game2D\metal slug 3\GameObject.h(44,32): warning C4244: '=': conversion from 'FLOAT' to 'LONG', possible loss of data
E:\GITHUB\code\Game2D\metal slug 3\Flying_Killer.h(24,36): warning C4244: '=': conversion from 'ULONGLONG' to 'DWORD', possible loss of data
  Debug.cpp
  Flying_Killer.cpp
E:\GITHUB\code\Game2D\metal slug 3\GameObject.h(41,30): warning C4244: '=': conversion from 'FLOAT' to 'LONG', possible loss of data
E:\GITHUB\code\Game2D\metal slug 3\GameObject.h(42,32): warning C4244: '=': conversion from 'FLOAT' to 'LONG', possible loss of data
E:\GITHUB\code\Game2D\metal slug 3\GameObject.h(43,34): warning C4244: '=': conversion from 'FLOAT' to 'LONG', possible loss of data
E:\GITHUB\code\Game2D\metal slug 3\GameObject.h(44,32): warning C4244: '=': conversion from 'FLOAT' to 'LONG', possible loss of data
E:\GITHUB\code\Game2D\metal slug 3\Flying_Killer.h(24,36): warning C4244: '=': conversion from 'ULONGLONG' to 'DWORD', possible loss of data
E:\GITHUB\code\Game2D\metal slug 3\Flying_Killer.cpp(5,12): warning C4244: 'initializing': conversion from 'ULONGLONG' to 'DWORD', possible loss of data
  GameObject.cpp
E:\GITHUB\code\Game2D\metal slug 3\GameObject.h(41,30): warning C4244: '=': conversion from 'FLOAT' to 'LONG', possible loss of data
E:\GITHUB\code\Game2D\metal slug 3\GameObject.h(42,32): warning C4244: '=': conversion from 'FLOAT' to 'LONG', possible loss of data
E:\GITHUB\code\Game2D\metal slug 3\GameObject.h(43,34): warning C4244: '=': conversion from 'FLOAT' to 'LONG', possible loss of data
E:\GITHUB\code\Game2D\metal slug 3\GameObject.h(44,32): warning C4244: '=': conversion from 'FLOAT' to 'LONG', possible loss of data
  main.cpp
E:\GITHUB\code\Game2D\metal slug 3\GameObject.h(41,30): warning C4244: '=': conversion from 'FLOAT' to 'LONG', possible loss of data
E:\GITHUB\code\Game2D\metal slug 3\GameObject.h(42,32): warning C4244: '=': conversion from 'FLOAT' to 'LONG', possible loss of data
E:\GITHUB\code\Game2D\metal slug 3\GameObject.h(43,34): warning C4244: '=': conversion from 'FLOAT' to 'LONG', possible loss of data
E:\GITHUB\code\Game2D\metal slug 3\GameObject.h(44,32): warning C4244: '=': conversion from 'FLOAT' to 'LONG', possible loss of data
E:\GITHUB\code\Game2D\metal slug 3\Flying_Killer.h(24,36): warning C4244: '=': conversion from 'ULONGLONG' to 'DWORD', possible loss of data
  Generating Code...
E:\GITHUB\code\Game2D\metal slug 3\CGame.cpp(66): warning C4715: 'CGame::_WndProc': not all control paths return a value
  Compiling...
  tinystr.cpp
  tinyxml.cpp
  tinyxmlerror.cpp
  tinyxmlparser.cpp
  Utils.cpp
  Generating Code...
  bameball.vcxproj -> E:\GITHUB\code\Game2D\metal slug 3\Debug\Homework.exe
